<?xml version="1.0" encoding="UTF-8"?>
<!-- Generated by org.testng.reporters.JUnitReportReporter -->
<testsuite hostname="DESKTOP-GE6LMT5" failures="0" tests="2" name="Tests.TestCase01" time="3.019" errors="0" timestamp="2025-04-21T00:28:25 IST" skipped="0">
  <testcase classname="Tests.TestCase01" name="testcase01" time="2.011"/>
  <testcase classname="Tests.TestCase01" name="testcase01" time="1.008"/>
</testsuite> <!-- Tests.TestCase01 -->
