<?xml version="1.0" encoding="UTF-8"?>
<!-- Generated by org.testng.reporters.JUnitReportReporter -->
<testsuite hostname="DESKTOP-GE6LMT5" failures="0" tests="6" name="Tests.TestCase01" time="1.361" errors="0" timestamp="2025-04-21T23:19:19 IST" skipped="0">
  <testcase classname="Tests.TestCase01" name="testcase02" time="0.006"/>
  <testcase classname="Tests.TestCase01" name="testcase02" time="0.143"/>
  <testcase classname="Tests.TestCase01" name="testcase03" time="0.004"/>
  <testcase classname="Tests.TestCase01" name="testcase03" time="0.003"/>
  <testcase classname="Tests.TestCase01" name="testcase01" time="0.741"/>
  <testcase classname="Tests.TestCase01" name="testcase01" time="0.464"/>
</testsuite> <!-- Tests.TestCase01 -->
